proguard-project.txt
# To enable ProGuard in your project, edit project.properties
# to define the proguard.config property as described in that file.
#
# Add project specific ProGuard rules here.
# By default, the flags in this file are appended to flags specified
# in ${sdk.dir}/tools/proguard/proguard-android.txt
# You can edit the include path and order by changing the ProGuard
# include property in project.properties.
#
# For more details, see
#   http://developer.android.com/guide/developing/tools/proguard.html

# Add any project specific keep options here:

# If your project uses WebView with JS, uncomment the following
# and specify the fully qualified class name to the JavaScript interface
# class:
#-keepclassmembers class fqcn.of.javascript.interface.for.webview {
#   public *;
#}
-optimizationpasses 5 #指定代码的压缩级别 0 - 7 
-dontusemixedcaseclassnames #是否使用大小写混合 
-dontskipnonpubliclibraryclasses #如果应用程序引入的有jar包，并且想混淆jar包里面的class 
-dontpreverify #混淆时是否做预校验（可去掉加快混淆速度）
-verbose #混淆时是否记录日志（混淆后生产映射文件 map 类名 -> 转化后类名的映射 
-optimizations !code/simplification/arithmetic,!field/*,!class/merging/*  #淆采用的算法  

-keep public class * extends android.app.Activity
-keep public class * extends android.app.Application
-keep public class * extends android.app.Service
-keep public class * extends android.content.BroadcastReceiver
-keep public class * extends android.content.ContentProvider
-keep public class * extends android.app.backup.BackupAgentHelper
-keep public class * extends android.preference.Preference

 -keepclasseswithmembernames class * {
     native <methods>;
}

-keepclasseswithmembers class * {
    public <init>(android.content.Context, android.util.AttributeSet);
}

-keepclasseswithmembers class * {
    public <init>(android.content.Context, android.util.AttributeSet, int);
}

-keepclassmembers class * extends android.app.Activity {
    public void *(android.view.View);#xml设置监听方法例外
}

-keepclassmembers enum * {
    public static **[] values();
    public static ** valueOf(java.lang.String);
}

-keep class * implements android.os.Parcelable {
    public static final android.os.Parcelable$Creator *;
}
-keep class com.baidu.** {*;}
-keep class vi.com.** {*;}    
-dontwarn com.baidu.**

-libraryjars libs/alipaySDK-20151112.jar  
-dontwarn com.alipay.**      
-dontwarn com.ta.utdid2.**      
-dontwarn com.ut.device.**      
-keep class com.alipay.** { *; }  
-keep class com.ta.utdid2.** { *; }  
#支付宝列外
-libraryjars  libs/android-support-v4.jar  
-dontwarn android.support.v4.**  
-keep class android.support.v4.** { *; }    
-keep interface android.support.v4.** { *; }  
-keep public class * extends android.support.v4.**   
-keep public class * extends android.app.Fragment  
#v4列外
-libraryjars libs/zxing.jar
-dontwarn com.google.zxing.**  
-keep class com.google.zxing.** { *; }    
#zxing列外
-libraryjars  libs/recyclerview-v7-21.0.0-rc1.jar  
-dontwarn android.support.v7.**  
-keep class android.support.v7.** { *; }    
-keep interface android.support.v7.** { *; }  
#v7例外  
-dontoptimize
-dontpreverify
-dontwarn cn.jpush.**
-keep class cn.jpush.** { *; } 
#jpush列外
-dontwarn com.google.**
-keep class com.google.gson.** {*;}

#==================protobuf======================
-dontwarn com.google.**
-keep class com.google.protobuf.** {*;}
#gson列外


 