proguard/seeds.txt
com.sxt.activity.AddCartActivity
com.sxt.activity.AddCartActivity: AddCartActivity()
com.sxt.activity.AddCartActivity: void onClick(android.view.View)
com.sxt.activity.CameraActivity
com.sxt.activity.CameraActivity: CameraActivity()
com.sxt.activity.CaptureActivity
com.sxt.activity.CaptureActivity: CaptureActivity()
com.sxt.activity.CartListActivity
com.sxt.activity.CartListActivity: CartListActivity()
com.sxt.activity.CartListActivity: void onClick(android.view.View)
com.sxt.activity.DialogActivity
com.sxt.activity.DialogActivity: DialogActivity()
com.sxt.activity.FrameActivity
com.sxt.activity.FrameActivity: FrameActivity()
com.sxt.activity.FrameActivity: void onClick(android.view.View)
com.sxt.activity.GoodsListActivity
com.sxt.activity.GoodsListActivity: GoodsListActivity()
com.sxt.activity.GoodsListActivity: void onClick(android.view.View)
com.sxt.activity.GoodsValueActivity
com.sxt.activity.GoodsValueActivity: GoodsValueActivity()
com.sxt.activity.GoodsValueActivity: void onClick(android.view.View)
com.sxt.activity.LoginActivity
com.sxt.activity.LoginActivity: LoginActivity()
com.sxt.activity.LoginActivity: void onClick(android.view.View)
com.sxt.activity.MyApplication
com.sxt.activity.MyApplication: MyApplication()
com.sxt.activity.OkOrderActivity
com.sxt.activity.OkOrderActivity: OkOrderActivity()
com.sxt.activity.OkOrderActivity: void onClick(android.view.View)
com.sxt.activity.OkOrderActivity: void pay()
com.sxt.activity.PhotoAct
com.sxt.activity.PhotoAct: PhotoAct()
com.sxt.activity.R$anim: int addcart_in
com.sxt.activity.R$anim: int addcart_out
com.sxt.activity.R$anim: int classes_in
com.sxt.activity.R$anim: int classes_out
com.sxt.activity.R$anim: int goodslist_in
com.sxt.activity.R$anim: int goodslist_out
com.sxt.activity.R$array: int classes_arr
com.sxt.activity.R$array: int frameLeft
com.sxt.activity.R$array: int homepager_title
com.sxt.activity.R$dimen: int activity_horizontal_margin
com.sxt.activity.R$dimen: int activity_vertical_margin
com.sxt.activity.R$dimen: int view_frame_num
com.sxt.activity.R$dimen: int view_frame_numright
com.sxt.activity.R$dimen: int view_frame_topeleft
com.sxt.activity.R$dimen: int view_frame_toperight
com.sxt.activity.R$dimen: int view_frame_topmargin
com.sxt.activity.R$drawable: int addcart_bg
com.sxt.activity.R$drawable: int ali_pay
com.sxt.activity.R$drawable: int arrow_gray_down
com.sxt.activity.R$drawable: int arrow_left
com.sxt.activity.R$drawable: int bg
com.sxt.activity.R$drawable: int border_bg
com.sxt.activity.R$drawable: int bottem
com.sxt.activity.R$drawable: int bottom_bg
com.sxt.activity.R$drawable: int boy_bg
com.sxt.activity.R$drawable: int btn_cptj
com.sxt.activity.R$drawable: int btn_dpzn_n
com.sxt.activity.R$drawable: int btn_more_n
com.sxt.activity.R$drawable: int btn_more_p
com.sxt.activity.R$drawable: int btn_mxcp_n
com.sxt.activity.R$drawable: int btn_qbpl_n
com.sxt.activity.R$drawable: int btn_qqyx_n
com.sxt.activity.R$drawable: int btn_qxsc_n
com.sxt.activity.R$drawable: int btn_xpdz_n
com.sxt.activity.R$drawable: int btn_zkjx_n
com.sxt.activity.R$drawable: int cart_selent_highlighted
com.sxt.activity.R$drawable: int cart_selent_nromal
com.sxt.activity.R$drawable: int category_select_icon
com.sxt.activity.R$drawable: int checkin_map_left_disabled
com.sxt.activity.R$drawable: int corners_bg
com.sxt.activity.R$drawable: int girls_bg
com.sxt.activity.R$drawable: int goodslist_screen_down_icon
com.sxt.activity.R$drawable: int goodslist_screen_up_icon
com.sxt.activity.R$drawable: int home_banner
com.sxt.activity.R$drawable: int home_banner_dot_down
com.sxt.activity.R$drawable: int home_banner_dot_down_black
com.sxt.activity.R$drawable: int home_more
com.sxt.activity.R$drawable: int homepage_background
...
com.baidu.lbsapi.auth.b$a
com.baidu.lbsapi.auth.b$a: java.lang.String a(byte[])
com.baidu.lbsapi.auth.c
com.baidu.lbsapi.auth.c: java.lang.String a
com.baidu.lbsapi.auth.c: android.content.Context b
com.baidu.lbsapi.auth.c: java.lang.String c
com.baidu.lbsapi.auth.c: java.lang.String d
com.baidu.lbsapi.auth.c: java.util.HashMap e
com.baidu.lbsapi.auth.c: com.baidu.lbsapi.auth.c$a f
com.baidu.lbsapi.auth.c: c(android.content.Context)
com.baidu.lbsapi.auth.c: void a(java.util.HashMap,com.baidu.lbsapi.auth.c$a)
com.baidu.lbsapi.auth.c: void a(java.lang.String)
com.baidu.lbsapi.auth.c: boolean a(org.apache.http.client.HttpClient)
com.baidu.lbsapi.auth.c: void b(org.apache.http.client.HttpClient)
com.baidu.lbsapi.auth.c: void a(org.apache.http.client.HttpClient,java.lang.String,java.util.HashMap)
com.baidu.lbsapi.auth.c: void a(java.lang.String,java.util.HashMap)
com.baidu.lbsapi.auth.c: java.lang.String a(android.content.Context)
com.baidu.lbsapi.auth.c: java.util.HashMap a(java.util.HashMap)
com.baidu.lbsapi.auth.c: org.apache.http.client.HttpClient a()
com.baidu.lbsapi.auth.c: java.lang.String a(com.baidu.lbsapi.auth.c)
com.baidu.lbsapi.auth.c: java.util.HashMap b(com.baidu.lbsapi.auth.c)
com.baidu.lbsapi.auth.c: void a(com.baidu.lbsapi.auth.c,java.lang.String,java.util.HashMap)
com.baidu.lbsapi.auth.c$a
com.baidu.lbsapi.auth.c$a: void a(java.lang.Object)
com.baidu.lbsapi.auth.c$b
com.baidu.lbsapi.auth.c$b: javax.net.ssl.SSLContext a
com.baidu.lbsapi.auth.c$b: com.baidu.lbsapi.auth.c b
com.baidu.lbsapi.auth.c$b: c$b(com.baidu.lbsapi.auth.c,java.security.KeyStore)
com.baidu.lbsapi.auth.c$b: java.net.Socket createSocket(java.net.Socket,java.lang.String,int,boolean)
com.baidu.lbsapi.auth.c$b: java.net.Socket createSocket()
com.baidu.lbsapi.auth.d
com.baidu.lbsapi.auth.d: com.baidu.lbsapi.auth.c a
com.baidu.lbsapi.auth.d: d(com.baidu.lbsapi.auth.c)
com.baidu.lbsapi.auth.d: void run()
com.baidu.lbsapi.auth.e
com.baidu.lbsapi.auth.e: com.baidu.lbsapi.auth.c$b a
com.baidu.lbsapi.auth.e: e(com.baidu.lbsapi.auth.c$b)
com.baidu.lbsapi.auth.e: void checkClientTrusted(java.security.cert.X509Certificate[],java.lang.String)
com.baidu.lbsapi.auth.e: void checkServerTrusted(java.security.cert.X509Certificate[],java.lang.String)
com.baidu.lbsapi.auth.e: java.security.cert.X509Certificate[] getAcceptedIssuers()
com.baidu.lbsapi.auth.f
com.baidu.lbsapi.auth.f: java.lang.String a
com.baidu.lbsapi.auth.f: android.content.Context b
com.baidu.lbsapi.auth.f: java.lang.String c
com.baidu.lbsapi.auth.f: java.lang.String d
com.baidu.lbsapi.auth.f: java.util.List e
com.baidu.lbsapi.auth.f: com.baidu.lbsapi.auth.f$a f
com.baidu.lbsapi.auth.f: f(android.content.Context)
com.baidu.lbsapi.auth.f: void a(java.util.HashMap,java.lang.String[],com.baidu.lbsapi.auth.f$a)
com.baidu.lbsapi.auth.f: void a(java.lang.String)
com.baidu.lbsapi.auth.f: boolean a(org.apache.http.client.HttpClient)
com.baidu.lbsapi.auth.f: void b(org.apache.http.client.HttpClient)
com.baidu.lbsapi.auth.f: java.lang.String a(org.apache.http.client.HttpClient,java.lang.String,java.util.HashMap)
com.baidu.lbsapi.auth.f: void a(java.util.List)
com.baidu.lbsapi.auth.f: java.lang.String a(android.content.Context)
com.baidu.lbsapi.auth.f: java.util.List a(java.util.HashMap,java.lang.String[])
com.baidu.lbsapi.auth.f: org.apache.http.client.HttpClient a()
com.baidu.lbsapi.auth.f: java.util.List a(com.baidu.lbsapi.auth.f)
com.baidu.lbsapi.auth.f: void a(com.baidu.lbsapi.auth.f,java.util.List)
com.baidu.lbsapi.auth.f$a
com.baidu.lbsapi.auth.f$a: void a(java.lang.Object)
com.baidu.lbsapi.auth.f$b
com.baidu.lbsapi.auth.f$b: javax.net.ssl.SSLContext a
com.baidu.lbsapi.auth.f$b: com.baidu.lbsapi.auth.f b
com.baidu.lbsapi.auth.f$b: f$b(com.baidu.lbsapi.auth.f,java.security.KeyStore)
com.baidu.lbsapi.auth.f$b: java.net.Socket createSocket(java.net.Socket,java.lang.String,int,boolean)
com.baidu.lbsapi.auth.f$b: java.net.Socket createSocket()