proguard/mapping.txt
com.sxt.activity.AddCartActivity -> com.sxt.activity.AddCartActivity:
    android.widget.ImageView mImg -> b
    android.widget.TextView mTitleTv -> c
    android.widget.TextView mDiscountTv -> d
    android.widget.TextView mPriceTv -> e
    android.widget.RelativeLayout mAddCartAct_Relative -> f
    android.widget.LinearLayout mColorLinear -> g
    android.widget.LinearLayout mSizeLinear -> h
    android.widget.TextView mLeftTv -> i
    android.widget.TextView mCenterTv -> j
    android.widget.TextView mRightTv -> k
    android.widget.Button mOkBtn -> l
    java.lang.String title -> m
    java.lang.String price -> n
    java.lang.String discount -> o
    java.lang.String img -> p
    java.lang.String goodsID -> q
    com.sxt.net.img.ImageLoad load -> r
    android.view.animation.TranslateAnimation in -> s
    android.view.animation.TranslateAnimation out -> t
    int num -> u
    java.util.List colorList -> v
    java.util.List sizeList -> w
    android.support.v7.widget.RecyclerView mColorView -> x
    android.support.v7.widget.RecyclerView mSizeView -> y
    com.sxt.adapter.ColorOrSizeAdapter colorAdapter -> z
    com.sxt.adapter.ColorOrSizeAdapter sizeAdapter -> A
    int colorID -> B
    int sizeID -> C
    com.sxt.base.BaseHandler hand -> a
    void initView() -> a
    void initRecycler() -> c
    void initList() -> b
    void onClick(android.view.View) -> onClick
    boolean onKeyDown(int,android.view.KeyEvent) -> onKeyDown
com.sxt.activity.AddCartActivity$1 -> com.sxt.activity.a:
    com.sxt.activity.AddCartActivity this$0 -> a
    void handleMessage(android.os.Message) -> handleMessage
com.sxt.activity.CameraActivity -> com.sxt.activity.CameraActivity:
    java.io.File fial -> a
    java.lang.String imgPath -> b
    android.net.Uri uri -> c
    android.graphics.Bitmap bitmap -> e
    java.lang.String sdStatus -> d
    void onCreate(android.os.Bundle) -> onCreate
    void onActivityResult(int,int,android.content.Intent) -> onActivityResult
    android.graphics.Bitmap rotaingImageView(int,android.graphics.Bitmap) -> a
    int readPictureDegree(java.lang.String) -> a
com.sxt.activity.CaptureActivity -> com.sxt.activity.CaptureActivity:
    java.lang.String TAG -> a
    com.dtr.zxing.camera.CameraManager cameraManager -> b
    com.dtr.zxing.utils.CaptureActivityHandler handler -> c
    com.dtr.zxing.utils.InactivityTimer inactivityTimer -> d
    com.dtr.zxing.utils.BeepManager beepManager -> e
    android.view.SurfaceView scanPreview -> f
    android.widget.RelativeLayout scanContainer -> g
    android.widget.RelativeLayout scanCropView -> h
    android.widget.ImageView scanLine -> i
    android.graphics.Rect mCropRect -> j
    boolean isHasSurface -> k
    android.os.Handler getHandler() -> a
    com.dtr.zxing.camera.CameraManager getCameraManager() -> b
    void onCreate(android.os.Bundle) -> onCreate
    void onResume() -> onResume
    void onPause() -> onPause
    void onDestroy() -> onDestroy
    void surfaceCreated(android.view.SurfaceHolder) -> surfaceCreated
    void surfaceDestroyed(android.view.SurfaceHolder) -> surfaceDestroyed
    void surfaceChanged(android.view.SurfaceHolder,int,int,int) -> surfaceChanged
    void handleDecode(com.google.zxing.Result,android.os.Bundle) -> a
    void initCamera(android.view.SurfaceHolder) -> a
    void displayFrameworkBugMessageAndExit() -> d
    android.graphics.Rect getCropRect() -> c
    void initCrop() -> e
    int getStatusBarHeight() -> f
com.sxt.activity.CaptureActivity$1 -> com.sxt.activity.b:
    com.sxt.activity.CaptureActivity this$0 -> a
    void onClick(android.content.DialogInterface,int) -> onClick
com.sxt.activity.CaptureActivity$2 -> com.sxt.activity.c:
    com.sxt.activity.CaptureActivity this$0 -> a
    void onCancel(android.content.DialogInterface) -> onCancel
...
android.support.v4.app.SuperNotCalledException -> android.support.v4.app.SuperNotCalledException:
android.support.v4.app.TaskStackBuilder -> android.support.v4.app.TaskStackBuilder:
    java.lang.String TAG -> TAG
    android.support.v4.app.TaskStackBuilder$TaskStackBuilderImpl IMPL -> IMPL
    java.util.ArrayList mIntents -> mIntents
    android.content.Context mSourceContext -> mSourceContext
    android.support.v4.app.TaskStackBuilder create(android.content.Context) -> create
    android.support.v4.app.TaskStackBuilder from(android.content.Context) -> from
    android.support.v4.app.TaskStackBuilder addNextIntent(android.content.Intent) -> addNextIntent
    android.support.v4.app.TaskStackBuilder addNextIntentWithParentStack(android.content.Intent) -> addNextIntentWithParentStack
    android.support.v4.app.TaskStackBuilder addParentStack(android.app.Activity) -> addParentStack
    android.support.v4.app.TaskStackBuilder addParentStack(java.lang.Class) -> addParentStack
    android.support.v4.app.TaskStackBuilder addParentStack(android.content.ComponentName) -> addParentStack
    int getIntentCount() -> getIntentCount
    android.content.Intent getIntent(int) -> getIntent
    android.content.Intent editIntentAt(int) -> editIntentAt
    java.util.Iterator iterator() -> iterator
    void startActivities() -> startActivities
    void startActivities(android.os.Bundle) -> startActivities
    android.app.PendingIntent getPendingIntent(int,int) -> getPendingIntent
    android.app.PendingIntent getPendingIntent(int,int,android.os.Bundle) -> getPendingIntent
android.support.v4.app.TaskStackBuilder$SupportParentable -> android.support.v4.app.TaskStackBuilder$SupportParentable:
    android.content.Intent getSupportParentActivityIntent() -> getSupportParentActivityIntent
android.support.v4.app.TaskStackBuilder$TaskStackBuilderImpl -> android.support.v4.app.TaskStackBuilder$TaskStackBuilderImpl:
    android.app.PendingIntent getPendingIntent(android.content.Context,android.content.Intent[],int,int,android.os.Bundle) -> getPendingIntent
android.support.v4.app.TaskStackBuilder$TaskStackBuilderImplBase -> android.support.v4.app.TaskStackBuilder$TaskStackBuilderImplBase:
    android.app.PendingIntent getPendingIntent(android.content.Context,android.content.Intent[],int,int,android.os.Bundle) -> getPendingIntent
android.support.v4.app.TaskStackBuilder$TaskStackBuilderImplHoneycomb -> android.support.v4.app.TaskStackBuilder$TaskStackBuilderImplHoneycomb:
    android.app.PendingIntent getPendingIntent(android.content.Context,android.content.Intent[],int,int,android.os.Bundle) -> getPendingIntent
android.support.v4.app.TaskStackBuilder$TaskStackBuilderImplJellybean -> android.support.v4.app.TaskStackBuilder$TaskStackBuilderImplJellybean:
    android.app.PendingIntent getPendingIntent(android.content.Context,android.content.Intent[],int,int,android.os.Bundle) -> getPendingIntent
android.support.v4.app.TaskStackBuilderHoneycomb -> android.support.v4.app.TaskStackBuilderHoneycomb:
    android.app.PendingIntent getActivitiesPendingIntent(android.content.Context,int,android.content.Intent[],int) -> getActivitiesPendingIntent
android.support.v4.app.TaskStackBuilderJellybean -> android.support.v4.app.TaskStackBuilderJellybean:
    android.app.PendingIntent getActivitiesPendingIntent(android.content.Context,int,android.content.Intent[],int,android.os.Bundle) -> getActivitiesPendingIntent