proguard/usage.txt
com.sxt.activity.BuildConfig
com.sxt.activity.CaptureActivity:
    246:249:public void restartPreviewAfterDelay(long)
com.sxt.activity.GoodsListActivity:
    private java.lang.String BrandValue
com.sxt.activity.Manifest
com.sxt.activity.Manifest$permission
com.sxt.activity.OkOrderActivity:
    public static final java.lang.String PARTNER
    public static final java.lang.String SELLER
    public static final java.lang.String RSA_PRIVATE
    public static final java.lang.String RSA_PUBLIC
    private static final int SDK_PAY_FLAG
    private static final int SDK_CHECK_FLAG
    348:351:public void getSDKVersion()
    414:422:public java.lang.String getOutTradeNo()
com.sxt.activity.R
com.sxt.activity.R$anim
com.sxt.activity.R$array
com.sxt.activity.R$attr
com.sxt.activity.R$dimen
com.sxt.activity.R$drawable
com.sxt.activity.R$id
com.sxt.activity.R$layout
com.sxt.activity.R$menu
com.sxt.activity.R$raw
com.sxt.activity.R$string
com.sxt.activity.R$style
...
android.support.annotation.AnimRes
android.support.annotation.AnimatorRes
android.support.annotation.AnyRes
android.support.annotation.ArrayRes
android.support.annotation.AttrRes
android.support.annotation.BoolRes
android.support.annotation.ColorRes
android.support.annotation.DimenRes
android.support.annotation.DrawableRes
android.support.annotation.FractionRes
android.support.annotation.IdRes
android.support.annotation.IntDef
android.support.annotation.IntegerRes
android.support.annotation.InterpolatorRes
android.support.annotation.LayoutRes
android.support.annotation.MenuRes
android.support.annotation.NonNull
android.support.annotation.Nullable
android.support.annotation.PluralsRes
android.support.annotation.RawRes
android.support.annotation.StringDef
android.support.annotation.StringRes
android.support.annotation.StyleRes
android.support.annotation.StyleableRes
android.support.annotation.XmlRes
com.dtr.zxing.camera.AutoFocusManager:
    private static final long AUTO_FOCUS_INTERVAL_MS
com.dtr.zxing.camera.CameraConfigurationManager:
    private static final java.lang.String TAG
    private static final int MIN_PREVIEW_PIXELS
    private static final double MAX_ASPECT_DISTORTION
    122:122:public android.graphics.Point getScreenResolution()
com.dtr.zxing.camera.CameraManager:
    191:192:public synchronized void setManualCameraId(int)
com.dtr.zxing.decode.DecodeFormatManager:
    25:25:public DecodeFormatManager()
com.dtr.zxing.decode.DecodeThread:
    public static final java.lang.String BARCODE_BITMAP
    public static final int BARCODE_MODE
    public static final int QRCODE_MODE
    public static final int ALL_MODE
com.dtr.zxing.utils.BeepManager:
    private static final float BEEP_VOLUME
    private static final long VIBRATE_DURATION
com.dtr.zxing.utils.InactivityTimer:
    private static final long INACTIVITY_DELAY_MS
com.sxt.base.BaseActivity:
    51:53:public void showDialog()
    57:61:public void disDiaLog()
com.sxt.base.BaseFragment:
    49:50:public void Toast(java.lang.String)
    54:54:public android.view.View f(android.view.View,int)
com.sxt.base.BaseFragmentActivity:
    28:29:public void LOGE(java.lang.String)
    33:34:public void Toast(java.lang.String)
    44:44:public void showDialog()
    49:49:public void disDiaLog()
com.sxt.base.BaseSeeFragment:
    private java.util.List seeList
com.sxt.bean.OrderInfo:
    public boolean groupflag
com.sxt.model.ActionModel:
    3:3:public ActionModel()
com.sxt.model.HttpModel:
    3:3:public HttpModel()
com.sxt.model.ResModel:
    8:8:public ResModel()
com.sxt.model.WindowModel:
    3:3:public WindowModel()
com.sxt.net.img.ImageLoad:
    private static final int max_pool
    private android.widget.ListView mLv
    60:62:public void setLV(android.widget.ListView)
com.sxt.utils.FileUtils:
    71:91:public java.lang.String ReadStr(java.lang.String)
com.sxt.utils.pay.Base64:
    private static final int BASELENGTH
    private static final int LOOKUPLENGTH
    private static final int TWENTYFOURBITGROUP
    private static final int EIGHTBIT
    private static final int SIXTEENBIT
    private static final int FOURBYTE
    private static final int SIGN
    3:3:public Base64()
com.sxt.utils.pay.PayResult:
    52:52:public java.lang.String getMemo()
com.sxt.utils.pay.SignUtils:
    private static final java.lang.String ALGORITHM
    private static final java.lang.String SIGN_ALGORITHMS
    private static final java.lang.String DEFAULT_CHARSET
    7:7:public SignUtils()
com.sxt.view.PullListView:
    private static final int DONE
    private static final int PULL_REFRASH
    private static final int RELEASE_REFRESH
    private static final int REFRESHING
    private static final int UP_LOAD
    private static final int RELEASE_LOAD
    private static final int LOADING
    private android.widget.RelativeLayout r